[2024-09-11 02:05:48] 脚本开始执行
[2024-09-11 02:05:48] 获取到的类别数量: 2
[2024-09-11 02:05:48] 脚本执行结束
[2024-09-11 02:06:43] 脚本开始执行
[2024-09-11 02:06:43] 收到 POST 请求
[2024-09-11 02:06:43] 正在处理类别提交
[2024-09-11 02:06:43] 执行查询: INSERT INTO categories (name_zh, name_en, sort_order) VALUES ('搜索网站', 'Search site', 2)
[2024-09-11 02:06:43] 查询执行成功
[2024-09-11 02:06:43] 获取到的类别数量: 3
[2024-09-11 02:06:43] 脚本执行结束
[2024-09-11 02:07:39] 脚本开始执行
[2024-09-11 02:07:39] 获取到的类别数量: 3
[2024-09-11 02:07:39] 脚本执行结束
[2024-09-11 02:07:41] 脚本开始执行
[2024-09-11 02:07:41] 获取到的类别数量: 3
[2024-09-11 02:07:41] 脚本执行结束
[2024-09-19 02:00:29] 脚本开始执行
[2024-09-19 02:00:29] 获取到的类别数量: 3
[2024-09-19 02:00:29] 脚本执行结束
[2024-09-19 02:00:41] 脚本开始执行
[2024-09-19 02:00:41] 获取到的类别数量: 3
[2024-09-19 02:00:41] 脚本执行结束
[2024-09-19 02:00:48] 脚本开始执行
[2024-09-19 02:00:48] 获取到的类别数量: 3
[2024-09-19 02:00:48] 脚本执行结束
[2024-09-19 02:00:54] 脚本开始执行
[2024-09-19 02:00:54] 获取到的类别数量: 3
[2024-09-19 02:00:54] 脚本执行结束
[2024-09-19 02:01:14] 脚本开始执行
[2024-09-19 02:01:14] 获取到的类别数量: 3
[2024-09-19 02:01:14] 脚本执行结束
[2024-09-19 02:01:30] 脚本开始执行
[2024-09-19 02:01:30] 获取到的类别数量: 3
[2024-09-19 02:01:30] 脚本执行结束
[2024-09-19 02:01:48] 脚本开始执行
[2024-09-19 02:01:58] 脚本开始执行
[2024-09-19 02:01:58] 获取到的类别数量: 3
[2024-09-19 02:01:58] 脚本执行结束
[2024-09-19 02:03:55] 脚本开始执行
[2024-09-19 02:03:55] 获取到的类别数量: 3
[2024-09-19 02:03:55] 脚本执行结束
[2024-09-19 02:13:55] 脚本开始执行
[2024-09-19 02:13:55] 获取到的类别数量: 3
[2024-09-19 02:13:55] 脚本执行结束
[2024-09-19 02:14:05] 脚本开始执行
[2024-09-19 02:14:05] 获取到的类别数量: 3
[2024-09-19 02:14:05] 脚本执行结束
[2024-09-19 02:14:09] 脚本开始执行
[2024-09-19 02:14:09] 获取到的类别数量: 3
[2024-09-19 02:14:09] 脚本执行结束
[2024-09-19 02:16:43] 脚本开始执行
[2024-09-19 02:16:43] 获取到的类别数量: 3
[2024-09-19 02:16:43] 脚本执行结束
[2024-09-19 02:16:56] 脚本开始执行
[2024-09-19 02:16:56] 获取到的类别数量: 3
[2024-09-19 02:16:56] 正在编辑类别: Array
(
    [id] => 1
    [name_zh] => 公司应用
    [name_en] => Company App
    [sort_order] => 0
)

[2024-09-19 02:16:56] 脚本执行结束
[2024-09-19 02:16:58] 脚本开始执行
[2024-09-19 02:16:58] 获取到的类别数量: 3
[2024-09-19 02:16:58] 脚本执行结束
[2024-09-19 02:48:58] 脚本开始执行
[2024-09-19 02:48:58] 获取到的类别数量: 3
[2024-09-19 02:48:58] 脚本执行结束
[2024-09-19 04:56:21] 脚本开始执行
[2024-09-19 04:56:21] 获取到的类别数量: 2
[2024-09-19 04:56:21] 脚本执行结束
[2024-09-19 04:56:24] 脚本开始执行
[2024-09-19 04:56:24] 获取到的类别数量: 2
[2024-09-19 04:56:24] 脚本执行结束
[2024-09-19 04:56:25] 脚本开始执行
[2024-09-19 04:56:25] 获取到的类别数量: 2
[2024-09-19 04:56:25] 脚本执行结束
[2024-09-19 06:01:11] 脚本开始执行
[2024-09-19 06:01:11] 获取到的类别数量: 2
[2024-09-19 06:01:11] 脚本执行结束
[2024-09-19 07:36:10] 脚本开始执行
[2024-09-19 07:36:10] 获取到的类别数量: 2
[2024-09-19 07:36:10] 脚本执行结束
[2024-09-19 07:36:12] 脚本开始执行
[2024-09-19 07:36:12] 获取到的类别数量: 2
[2024-09-19 07:36:12] 脚本执行结束
[2024-09-19 07:37:59] 脚本开始执行
[2024-09-19 07:37:59] 获取到的类别数量: 2
[2024-09-19 07:37:59] 脚本执行结束
[2024-09-19 07:38:01] 脚本开始执行
[2024-09-19 07:38:01] 获取到的类别数量: 2
[2024-09-19 07:38:01] 脚本执行结束
[2024-09-19 07:49:36] 脚本开始执行
[2024-09-19 07:49:36] 获取到的类别数量: 2
[2024-09-19 07:49:36] 脚本执行结束
[2024-09-21 03:47:39] 脚本开始执行
[2024-09-21 03:47:39] 获取到的类别数量: 2
[2024-09-21 03:47:39] 脚本执行结束
[2024-09-21 03:47:42] 脚本开始执行
[2024-09-21 03:47:42] 获取到的类别数量: 2
[2024-09-21 03:47:42] 脚本执行结束
[2024-09-21 03:56:09] 脚本开始执行
[2024-09-21 03:56:09] 获取到的类别数量: 2
[2024-09-21 03:56:09] 脚本执行结束
[2024-09-21 04:33:00] 脚本开始执行
[2024-09-21 04:33:00] 获取到的类别数量: 2
[2024-09-21 04:33:00] 脚本执行结束
[2024-09-21 04:43:55] 脚本开始执行
[2024-09-21 04:45:39] 脚本开始执行
[2024-09-21 04:45:39] 脚本执行结束
