[2024-09-21 04:48:38] 脚本开始执行
[2024-09-21 04:48:38] 获取到的类别数量: 2
[2024-09-21 04:48:38] 脚本执行结束
[2024-09-21 04:48:48] 脚本开始执行
[2024-09-21 04:48:48] 获取到的类别数量: 2
[2024-09-21 04:48:48] 脚本执行结束
[2024-09-21 04:48:53] 脚本开始执行
[2024-09-21 04:48:53] 获取到的类别数量: 2
[2024-09-21 04:48:53] 脚本执行结束
[2024-09-21 05:01:23] 脚本开始执行
[2024-09-21 05:01:23] 获取到的类别数量: 2
[2024-09-21 05:01:23] 脚本执行结束
[2024-09-21 05:05:02] 脚本开始执行
[2024-09-21 05:05:02] 获取到的类别数量: 2
[2024-09-21 05:05:02] 脚本执行结束
[2024-09-21 05:05:15] 脚本开始执行
[2024-09-21 05:05:15] 获取到的类别数量: 2
[2024-09-21 05:05:15] 脚本执行结束
[2024-09-21 05:05:26] 脚本开始执行
[2024-09-21 05:05:26] 获取到的类别数量: 2
[2024-09-21 05:05:26] 脚本执行结束
[2024-09-21 05:05:34] 脚本开始执行
[2024-09-21 05:05:34] 获取到的类别数量: 2
[2024-09-21 05:05:34] 脚本执行结束
[2024-09-21 05:05:36] 脚本开始执行
[2024-09-21 05:05:36] 获取到的类别数量: 2
[2024-09-21 05:05:36] 脚本执行结束
[2024-09-21 05:05:37] 脚本开始执行
[2024-09-21 05:05:37] 获取到的类别数量: 2
[2024-09-21 05:05:37] 脚本执行结束
[2024-09-21 05:05:39] 脚本开始执行
[2024-09-21 05:05:39] 获取到的类别数量: 2
[2024-09-21 05:05:39] 脚本执行结束
[2024-09-21 05:05:40] 脚本开始执行
[2024-09-21 05:05:40] 获取到的类别数量: 2
[2024-09-21 05:05:40] 脚本执行结束
[2024-09-21 05:05:41] 脚本开始执行
[2024-09-21 05:05:41] 获取到的类别数量: 2
[2024-09-21 05:05:41] 脚本执行结束
[2024-09-21 05:05:42] 脚本开始执行
[2024-09-21 05:05:42] 获取到的类别数量: 2
[2024-09-21 05:05:42] 脚本执行结束
[2024-09-21 05:05:43] 脚本开始执行
[2024-09-21 05:05:43] 获取到的类别数量: 2
[2024-09-21 05:05:43] 脚本执行结束
[2024-09-21 05:05:44] 脚本开始执行
[2024-09-21 05:05:44] 获取到的类别数量: 2
[2024-09-21 05:05:44] 脚本执行结束
[2024-09-21 05:05:45] 脚本开始执行
[2024-09-21 05:05:45] 获取到的类别数量: 2
[2024-09-21 05:05:45] 脚本执行结束
[2024-09-21 05:05:48] 脚本开始执行
[2024-09-21 05:05:48] 获取到的类别数量: 2
[2024-09-21 05:05:48] 正在编辑类别: Array
(
    [id] => 1
    [name_zh] => 公司应用
    [name_en] => Company App
    [sort_order] => 0
)

[2024-09-21 05:05:48] 脚本执行结束
[2024-09-21 05:08:17] 脚本开始执行
[2024-09-21 05:08:17] 获取到的类别数量: 2
[2024-09-21 05:08:17] 脚本执行结束
[2024-09-21 05:08:35] 脚本开始执行
[2024-09-21 05:08:35] 获取到的类别数量: 2
[2024-09-21 05:08:35] 脚本执行结束
[2024-09-21 05:37:06] 脚本开始执行
[2024-09-21 05:37:06] 获取到的类别数量: 2
[2024-09-21 05:37:06] 脚本执行结束
[2024-09-21 05:49:55] 脚本开始执行
[2024-09-21 05:49:55] 获取到的类别数量: 2
[2024-09-21 05:49:55] 脚本执行结束
[2024-09-21 08:49:58] 脚本开始执行
[2024-09-21 08:49:58] 获取到的类别数量: 2
[2024-09-21 08:49:58] 脚本执行结束
[2024-09-23 05:05:30] 脚本开始执行
[2024-09-23 05:05:30] 获取到的类别数量: 2
[2024-09-23 05:05:30] 脚本执行结束
[2024-09-23 05:05:36] 脚本开始执行
[2024-09-23 05:05:36] 获取到的类别数量: 2
[2024-09-23 05:05:36] 脚本执行结束
[2024-09-23 05:07:19] 脚本开始执行
[2024-09-23 05:07:19] 获取到的类别数量: 2
[2024-09-23 05:07:19] 脚本执行结束
[2024-10-08 04:15:45] 脚本开始执行
[2024-10-08 04:15:45] 获取到的类别数量: 2
[2024-10-08 04:15:45] 脚本执行结束
